<?xml version="1.0" encoding="UTF-8"?>
<!-- Generated by org.testng.reporters.JUnitReportReporter -->
<testsuite hostname="LAPTOP-S3L3AMS7" failures="0" tests="6" name="com.lamdatest.www.SeleniumTest" time="28.700" errors="0" timestamp="2023-02-21T22:37:15 IST" skipped="0">
  <testcase classname="com.lamdatest.www.SeleniumTest" name="testScenario3" time="0.015"/>
  <system-out/>
  <testcase classname="com.lamdatest.www.SeleniumTest" name="testScenario3" time="16.378"/>
  <system-out/>
  <testcase classname="com.lamdatest.www.SeleniumTest" name="testScenario2" time="4.538"/>
  <system-out/>
  <testcase classname="com.lamdatest.www.SeleniumTest" name="testScenario2" time="0.002"/>
  <system-out/>
  <testcase classname="com.lamdatest.www.SeleniumTest" name="testScenario1" time="7.708"/>
  <system-out/>
  <testcase classname="com.lamdatest.www.SeleniumTest" name="testScenario1" time="0.059"/>
  <system-out/>
</testsuite> <!-- com.lamdatest.www.SeleniumTest -->
